<?xml version="1.0" encoding="UTF-8"?>
<testng-results ignored="0" total="1" passed="1" failed="0" skipped="0">
  <reporter-output>
  </reporter-output>
  <suite started-at="2023-12-22T21:12:27 IST" name="HG EHR TEST" finished-at="2023-12-22T21:12:27 IST" duration-ms="282">
    <groups>
    </groups>
    <test started-at="2023-12-22T21:12:27 IST" name="EHR Automation" finished-at="2023-12-22T21:12:27 IST" duration-ms="282">
      <class name="driver.JenkinsSetUp">
        <test-method signature="setUp()[pri:0, instance:driver.JenkinsSetUp@3a6f2de3]" started-at="2023-12-22T21:12:27 IST" name="setUp" finished-at="2023-12-22T21:12:27 IST" duration-ms="235" status="PASS">
          <reporter-output>
          </reporter-output>
        </test-method> <!-- setUp -->
      </class> <!-- driver.JenkinsSetUp -->
    </test> <!-- EHR Automation -->
  </suite> <!-- HG EHR TEST -->
</testng-results>
