<?xml version="1.0" encoding="UTF-8"?>
<testsuite xmlns:xsi="http://www.w3.org/2001/XMLSchema-instance" xsi:noNamespaceSchemaLocation="https://maven.apache.org/surefire/maven-surefire-plugin/xsd/surefire-test-report-3.0.xsd" version="3.0" name="TestSuite" time="2.462" tests="1" errors="0" skipped="0" failures="0">
  <properties>
[...]
</properties>
  <testcase name="setUp" classname="driver.JenkinsSetUp" time="0.235">
    <system-out><![CDATA[[INFO ] 22-Dec-2023 09:12:27.446 pm | driver.JenkinsSetUp - 
[INFO ] 22-Dec-2023 09:12:27.446 pm | driver.JenkinsSetUp - <<<<<<<<<<>>>>>>>>>>
[INFO ] 22-Dec-2023 09:12:27.446 pm | driver.JenkinsSetUp - STARTING EXECUTION
[INFO ] 22-Dec-2023 09:12:27.446 pm | driver.JenkinsSetUp - <<<<<<<<<<>>>>>>>>>>
[INFO ] 22-Dec-2023 09:12:27.462 pm | com.healthgraph.SeleniumFramework.Util.Common.Cls_Generic_Methods - INTO getConfigValues method for testType
[INFO ] 22-Dec-2023 09:12:27.462 pm | com.healthgraph.SeleniumFramework.Util.Common.Cls_Generic_Methods - INTO setConfigValue method with testType & SMOKE
[INFO ] 22-Dec-2023 09:12:27.524 pm | com.healthgraph.SeleniumFramework.Util.Common.Cls_Generic_Methods - Value for testType is added as SMOKEin config file
[INFO ] 22-Dec-2023 09:12:27.524 pm | driver.JenkinsSetUp - SELECTED TEST TYPE : SMOKE
[INFO ] 22-Dec-2023 09:12:27.524 pm | com.healthgraph.SeleniumFramework.Util.Common.Cls_Generic_Methods - INTO getConfigValues method for testModule
[INFO ] 22-Dec-2023 09:12:27.524 pm | com.healthgraph.SeleniumFramework.Util.Common.Cls_Generic_Methods - INTO setConfigValue method with testModule & testModuleValue
[INFO ] 22-Dec-2023 09:12:27.540 pm | com.healthgraph.SeleniumFramework.Util.Common.Cls_Generic_Methods - Value for testModule is added as testModuleValuein config file
[INFO ] 22-Dec-2023 09:12:27.540 pm | driver.JenkinsSetUp - SELECTED TEST MODULE : TESTMODULEVALUE
[INFO ] 22-Dec-2023 09:12:27.540 pm | com.healthgraph.SeleniumFramework.Util.Common.Cls_Generic_Methods - INTO getConfigValues method for environment
[INFO ] 22-Dec-2023 09:12:27.540 pm | com.healthgraph.SeleniumFramework.Util.Common.Cls_Generic_Methods - INTO setConfigValue method with environment & QA3
[INFO ] 22-Dec-2023 09:12:27.540 pm | com.healthgraph.SeleniumFramework.Util.Common.Cls_Generic_Methods - Value for environment is added as QA3in config file
[INFO ] 22-Dec-2023 09:12:27.540 pm | driver.JenkinsSetUp - Environment selected = QA3
Usage: <main class> [options] The XML suite files to run
  Options:
    -alwaysrunlisteners
      Should MethodInvocation Listeners be run even for skipped methods
      Default: true
    -configfailurepolicy
      Configuration failure policy (skip or continue)
    -d
      Output directory
    -dataproviderthreadcount
      Number of threads to use when running data providers
    -dependencyinjectorfactory
      The dependency injector factory implementation that TestNG should use.
    -excludegroups
      Comma-separated list of group names to  exclude
    -failwheneverythingskipped
      Should TestNG fail execution if all tests were skipped and nothing was 
      run. 
      Default: false
    -groups
      Comma-separated list of group names to be run
    -includeAllDataDrivenTestsWhenSkipping
      Should TestNG report all iterations of a data driven test as individual 
      skips, in-case of upstream failures.
      Default: false
    -junit
      JUnit mode
      Default: false
    -listener
      List of .class files or list of class names implementing ITestListener 
      or ISuiteListener
    -methods
      Comma separated of test methods
      Default: []
    -methodselectors
      List of .class files or list of class names implementing IMethodSelector
    -mixed
      Mixed mode - autodetect the type of current test and run it with 
      appropriate runner
      Default: false
    -objectfactory
      List of .class files or list of class names implementing 
      ITestRunnerFactory 
    -overrideincludedmethods
      Comma separated fully qualified class names of listeners that should be 
      skipped from being wired in via Service Loaders.
      Default: false
    -parallel
      Parallel mode (methods, tests or classes)
      Possible Values: [tests, methods, classes, instances, none]
    -port
      The port
    -reporter
      Extended configuration for custom report listener
    -spilistenerstoskip
      Comma separated fully qualified class names of listeners that should be 
      skipped from being wired in via Service Loaders.
      Default: <empty string>
    -suitename
      Default name of test suite, if not specified in suite definition file or 
      source code
    -suitethreadpoolsize
      Size of the thread pool to use to run suites
      Default: 1
    -testclass
      The list of test classes
    -testjar
      A jar file containing the tests
    -testname
      Default name of test, if not specified in suitedefinition file or source 
      code 
    -testnames
      The list of test names to run
    -testrunfactory, -testRunFactory
      The factory used to create tests
    -threadcount
      Number of threads to use when running tests in parallel
    -threadpoolfactoryclass
      The threadpool executor factory implementation that TestNG should use.
    -usedefaultlisteners
      Whether to use the default listeners
      Default: true
    -log, -verbose
      Level of verbosity
    -xmlpathinjar
      The full path to the xml file inside the jar file (only valid if 
      -testjar was specified)
      Default: testng.xml

[INFO ] 22-Dec-2023 09:12:27.666 pm | driver.JenkinsSetUp - <<<<<<<<<<>>>>>>>>>>
[INFO ] 22-Dec-2023 09:12:27.666 pm | driver.JenkinsSetUp - ENDING EXECUTION
[INFO ] 22-Dec-2023 09:12:27.666 pm | driver.JenkinsSetUp - <<<<<<<<<<>>>>>>>>>>
[INFO ] 22-Dec-2023 09:12:27.666 pm | driver.JenkinsSetUp - 
]]></system-out>
  </testcase>
</testsuite>